<?xml version="1.0" encoding="UTF-8"?>
<coverage generated="1573400404455" clover="3.2.0">
  <project timestamp="1573400404456" name="All files">
    <metrics statements="2" coveredstatements="0" conditionals="0" coveredconditionals="0" methods="1" coveredmethods="0" elements="3" coveredelements="0" complexity="0" loc="2" ncloc="2" packages="1" files="2" classes="2">
      <file name="App.js" path="/media/data2/my_projects /lessons/reactHomework/Book_React/color_form_3/src/App.js">
        <metrics statements="1" coveredstatements="0" conditionals="0" coveredconditionals="0" methods="1" coveredmethods="0"/>
        <line num="7" count="0" type="stmt"/>
      </file>
      <file name="index.js" path="/media/data2/my_projects /lessons/reactHomework/Book_React/color_form_3/src/index.js">
        <metrics statements="1" coveredstatements="0" conditionals="0" coveredconditionals="0" methods="0" coveredmethods="0"/>
        <line num="1" count="0" type="stmt"/>
      </file>
    </metrics>
  </project>
</coverage>
