{"/media/data2/my_projects /lessons/reactHomework/Book_React/color_form_3/src/App.js": {"path":"/media/data2/my_projects /lessons/reactHomework/Book_React/color_form_3/src/App.js","statementMap":{"0":{"start":{"line":7,"column":4},"end":{"line":17,"column":6}}},"fnMap":{"0":{"name":"(anonymous_0)","decl":{"start":{"line":6,"column":2},"end":{"line":6,"column":3}},"loc":{"start":{"line":6,"column":11},"end":{"line":18,"column":3}},"line":6}},"branchMap":{},"s":{"0":0},"f":{"0":0},"b":{},"_coverageSchema":"332fd63041d2c1bcb487cc26dd0d5f7d97098a6c","hash":"0837fd7c0ed1fd116a5a57ea04c8d79647ceb2f2"}
,"/media/data2/my_projects /lessons/reactHomework/Book_React/color_form_3/src/index.js": {"path":"/media/data2/my_projects /lessons/reactHomework/Book_React/color_form_3/src/index.js","statementMap":{"0":{"start":{"line":1,"column":58},"end":{"line":1,"column":144}}},"fnMap":{},"branchMap":{},"s":{"0":0},"f":{},"b":{}}
}
